<?xml version="1.0" encoding="UTF-8"?>
<testsuite name="org.example.SumCalculatorTest" tests="3" skipped="0" failures="0" errors="0" timestamp="2024-01-28T18:29:42" hostname="DESKTOP-RQAS5FH" time="0.014">
  <properties/>
  <testcase name="testSumOfThree()" classname="org.example.SumCalculatorTest" time="0.011"/>
  <testcase name="testSumOfZeroThrowsException()" classname="org.example.SumCalculatorTest" time="0.002"/>
  <testcase name="testSumOfOne()" classname="org.example.SumCalculatorTest" time="0.001"/>
  <system-out><![CDATA[]]></system-out>
  <system-err><![CDATA[]]></system-err>
</testsuite>
